<?xml version="1.0" encoding="UTF-8"?>
<!-- Generated by org.testng.reporters.JUnitReportReporter -->
<testsuite hostname="OutlawTech" name="LogInLogOutTest" tests="1" failures="0" timestamp="5 Jan 2014 01:58:57 GMT" time="10.181" errors="0">
  <testcase name="logIn_Test" time="10.181" classname="LogInLogOutTest"/>
</testsuite> <!-- LogInLogOutTest -->
